<?xml version="1.0" encoding="UTF-8"?>
<!-- Generated by org.testng.reporters.JUnitReportReporter -->
<testsuite hostname="ProjectSandbox04" failures="0" tests="1" name="com.pos.testcases.CreateNewVendor" time="12.751" errors="0" timestamp="2024-05-26T11:20:16 UTC" skipped="0">
  <testcase classname="com.pos.testcases.CreateNewVendor" name="runLogin" time="12.751"/>
  <system-out/>
</testsuite> <!-- com.pos.testcases.CreateNewVendor -->
